<?xml version="1.0" encoding="UTF-8"?>
<!-- Generated by org.testng.reporters.JUnitXMLReporter -->
<testsuite hostname="DESKTOP-EBMHSGA" ignored="0" name="Default test" tests="2" failures="0" timestamp="23 Jan 2019 17:15:29 GMT" time="34.8" errors="0">
  <testcase name="validateLogin" time="3.877" classname="com.automationpractice.scripts.SignInPageTest"/>
  <testcase name="validateLoginPageIsDisplayed" time="1.932" classname="com.automationpractice.scripts.SignInPageTest"/>
</testsuite> <!-- Default test -->
