<?xml version="1.0" encoding="UTF-8"?>
<!-- Generated by org.testng.reporters.JUnitXMLReporter -->
<testsuite hostname="linux" ignored="0" name="My Test Name" tests="5" failures="0" timestamp="21 May 2019 19:56:04 GMT" time="73.583" errors="0">
  <testcase name="isWebpageLoaded" time="0.077" classname="com.automationpractice.scripts.LandingPageTest"/>
  <testcase name="productSearch" time="2.384" classname="com.automationpractice.scripts.ProductSearchPageTest"/>
  <testcase name="productSearchResult" time="2.375" classname="com.automationpractice.scripts.ProductSearchPageTest"/>
  <testcase name="validateLogin" time="7.159" classname="com.automationpractice.scripts.SignInPageTest"/>
  <testcase name="validateLoginPageIsDisplayed" time="4.028" classname="com.automationpractice.scripts.SignInPageTest"/>
</testsuite> <!-- My Test Name -->
