<?xml version="1.0" encoding="UTF-8"?>
<!-- Generated by org.testng.reporters.JUnitXMLReporter -->
<testsuite hostname="DESKTOP-EBMHSGA" ignored="0" name="My Test Name" tests="5" failures="0" timestamp="24 Jan 2019 18:19:21 GMT" time="86.975" errors="0">
  <testcase name="isWebpageLoaded" time="0.035" classname="com.automationpractice.scripts.LandingPageTest"/>
  <testcase name="productSearch" time="2.175" classname="com.automationpractice.scripts.ProductSearchPageTest"/>
  <testcase name="productSearchResult" time="2.169" classname="com.automationpractice.scripts.ProductSearchPageTest"/>
  <testcase name="validateLogin" time="4.822" classname="com.automationpractice.scripts.SignInPageTest"/>
  <testcase name="validateLoginPageIsDisplayed" time="2.443" classname="com.automationpractice.scripts.SignInPageTest"/>
</testsuite> <!-- My Test Name -->
