<?xml version="1.0" encoding="UTF-8"?>
<testng-results skipped="0" failed="0" ignored="0" total="5" passed="5">
  <reporter-output>
  </reporter-output>
  <suite name="My Automation Suite" duration-ms="73583" started-at="2019-05-21T19:54:51Z" finished-at="2019-05-21T19:56:04Z">
    <groups>
    </groups>
    <test name="My Test Name" duration-ms="73583" started-at="2019-05-21T19:54:51Z" finished-at="2019-05-21T19:56:04Z">
      <class name="com.automationpractice.scripts.ProductSearchPageTest">
        <test-method status="PASS" signature="setUp()[pri:0, instance:com.automationpractice.scripts.ProductSearchPageTest@57fffcd7]" name="setUp" is-config="true" duration-ms="10150" started-at="2019-05-21T19:55:06Z" finished-at="2019-05-21T19:55:16Z">
          <reporter-output>
          </reporter-output>
        </test-method> <!-- setUp -->
        <test-method status="PASS" signature="productSearch()[pri:0, instance:com.automationpractice.scripts.ProductSearchPageTest@57fffcd7]" name="productSearch" duration-ms="2384" started-at="2019-05-21T19:55:16Z" finished-at="2019-05-21T19:55:19Z">
          <reporter-output>
          </reporter-output>
        </test-method> <!-- productSearch -->
        <test-method status="PASS" signature="cleanUp()[pri:0, instance:com.automationpractice.scripts.ProductSearchPageTest@57fffcd7]" name="cleanUp" is-config="true" duration-ms="147" started-at="2019-05-21T19:55:19Z" finished-at="2019-05-21T19:55:19Z">
          <reporter-output>
          </reporter-output>
        </test-method> <!-- cleanUp -->
        <test-method status="PASS" signature="setUp()[pri:0, instance:com.automationpractice.scripts.ProductSearchPageTest@57fffcd7]" name="setUp" is-config="true" duration-ms="9580" started-at="2019-05-21T19:55:19Z" finished-at="2019-05-21T19:55:28Z">
          <reporter-output>
          </reporter-output>
        </test-method> <!-- setUp -->
        <test-method status="PASS" signature="productSearchResult()[pri:0, instance:com.automationpractice.scripts.ProductSearchPageTest@57fffcd7]" name="productSearchResult" duration-ms="2375" started-at="2019-05-21T19:55:28Z" finished-at="2019-05-21T19:55:31Z">
          <reporter-output>
          </reporter-output>
        </test-method> <!-- productSearchResult -->
        <test-method status="PASS" signature="cleanUp()[pri:0, instance:com.automationpractice.scripts.ProductSearchPageTest@57fffcd7]" name="cleanUp" is-config="true" duration-ms="97" started-at="2019-05-21T19:55:31Z" finished-at="2019-05-21T19:55:31Z">
          <reporter-output>
          </reporter-output>
        </test-method> <!-- cleanUp -->
      </class> <!-- com.automationpractice.scripts.ProductSearchPageTest -->
      <class name="com.automationpractice.scripts.LandingPageTest">
        <test-method status="PASS" signature="setUp()[pri:0, instance:com.automationpractice.scripts.LandingPageTest@3abbfa04]" name="setUp" is-config="true" duration-ms="15115" started-at="2019-05-21T19:54:51Z" finished-at="2019-05-21T19:55:06Z">
          <reporter-output>
          </reporter-output>
        </test-method> <!-- setUp -->
        <test-method status="PASS" signature="isWebpageLoaded()[pri:0, instance:com.automationpractice.scripts.LandingPageTest@3abbfa04]" name="isWebpageLoaded" duration-ms="77" started-at="2019-05-21T19:55:06Z" finished-at="2019-05-21T19:55:06Z">
          <reporter-output>
          </reporter-output>
        </test-method> <!-- isWebpageLoaded -->
        <test-method status="PASS" signature="cleanUp()[pri:0, instance:com.automationpractice.scripts.LandingPageTest@3abbfa04]" name="cleanUp" is-config="true" duration-ms="97" started-at="2019-05-21T19:55:06Z" finished-at="2019-05-21T19:55:06Z">
          <reporter-output>
          </reporter-output>
        </test-method> <!-- cleanUp -->
      </class> <!-- com.automationpractice.scripts.LandingPageTest -->
      <class name="com.automationpractice.scripts.SignInPageTest">
        <test-method status="PASS" signature="setUp()[pri:0, instance:com.automationpractice.scripts.SignInPageTest@31ef45e3]" name="setUp" is-config="true" duration-ms="10080" started-at="2019-05-21T19:55:31Z" finished-at="2019-05-21T19:55:41Z">
          <reporter-output>
          </reporter-output>
        </test-method> <!-- setUp -->
        <test-method status="PASS" signature="validateLogin()[pri:0, instance:com.automationpractice.scripts.SignInPageTest@31ef45e3]" name="validateLogin" duration-ms="7159" started-at="2019-05-21T19:55:41Z" finished-at="2019-05-21T19:55:48Z">
          <reporter-output>
          </reporter-output>
        </test-method> <!-- validateLogin -->
        <test-method status="PASS" signature="cleanUp()[pri:0, instance:com.automationpractice.scripts.SignInPageTest@31ef45e3]" name="cleanUp" is-config="true" duration-ms="148" started-at="2019-05-21T19:55:48Z" finished-at="2019-05-21T19:55:48Z">
          <reporter-output>
          </reporter-output>
        </test-method> <!-- cleanUp -->
        <test-method status="PASS" signature="setUp()[pri:0, instance:com.automationpractice.scripts.SignInPageTest@31ef45e3]" name="setUp" is-config="true" duration-ms="11368" started-at="2019-05-21T19:55:48Z" finished-at="2019-05-21T19:56:00Z">
          <reporter-output>
          </reporter-output>
        </test-method> <!-- setUp -->
        <test-method status="PASS" signature="validateLoginPageIsDisplayed()[pri:0, instance:com.automationpractice.scripts.SignInPageTest@31ef45e3]" name="validateLoginPageIsDisplayed" duration-ms="4028" started-at="2019-05-21T19:56:00Z" finished-at="2019-05-21T19:56:04Z">
          <reporter-output>
          </reporter-output>
        </test-method> <!-- validateLoginPageIsDisplayed -->
        <test-method status="PASS" signature="cleanUp()[pri:0, instance:com.automationpractice.scripts.SignInPageTest@31ef45e3]" name="cleanUp" is-config="true" duration-ms="694" started-at="2019-05-21T19:56:04Z" finished-at="2019-05-21T19:56:04Z">
          <reporter-output>
          </reporter-output>
        </test-method> <!-- cleanUp -->
      </class> <!-- com.automationpractice.scripts.SignInPageTest -->
    </test> <!-- My Test Name -->
  </suite> <!-- My Automation Suite -->
</testng-results>
