<?xml version="1.0" encoding="UTF-8"?>
<testng-results skipped="0" failed="0" ignored="0" total="5" passed="5">
  <reporter-output>
  </reporter-output>
  <suite name="My Automation Suite" duration-ms="86975" started-at="2019-01-24T18:17:54Z" finished-at="2019-01-24T18:19:21Z">
    <groups>
    </groups>
    <test name="My Test Name" duration-ms="86975" started-at="2019-01-24T18:17:54Z" finished-at="2019-01-24T18:19:21Z">
      <class name="com.automationpractice.scripts.ProductSearchPageTest">
        <test-method status="PASS" signature="setUp()[pri:0, instance:com.automationpractice.scripts.ProductSearchPageTest@754ba872]" name="setUp" is-config="true" duration-ms="13632" started-at="2019-01-24T18:18:15Z" finished-at="2019-01-24T18:18:29Z">
          <reporter-output>
          </reporter-output>
        </test-method> <!-- setUp -->
        <test-method status="PASS" signature="productSearch()[pri:0, instance:com.automationpractice.scripts.ProductSearchPageTest@754ba872]" name="productSearch" duration-ms="2175" started-at="2019-01-24T18:18:29Z" finished-at="2019-01-24T18:18:31Z">
          <reporter-output>
          </reporter-output>
        </test-method> <!-- productSearch -->
        <test-method status="PASS" signature="cleanUp()[pri:0, instance:com.automationpractice.scripts.ProductSearchPageTest@754ba872]" name="cleanUp" is-config="true" duration-ms="662" started-at="2019-01-24T18:18:31Z" finished-at="2019-01-24T18:18:32Z">
          <reporter-output>
          </reporter-output>
        </test-method> <!-- cleanUp -->
        <test-method status="PASS" signature="setUp()[pri:0, instance:com.automationpractice.scripts.ProductSearchPageTest@754ba872]" name="setUp" is-config="true" duration-ms="12471" started-at="2019-01-24T18:18:32Z" finished-at="2019-01-24T18:18:44Z">
          <reporter-output>
          </reporter-output>
        </test-method> <!-- setUp -->
        <test-method status="PASS" signature="productSearchResult()[pri:0, instance:com.automationpractice.scripts.ProductSearchPageTest@754ba872]" name="productSearchResult" duration-ms="2169" started-at="2019-01-24T18:18:44Z" finished-at="2019-01-24T18:18:47Z">
          <reporter-output>
          </reporter-output>
        </test-method> <!-- productSearchResult -->
        <test-method status="PASS" signature="cleanUp()[pri:0, instance:com.automationpractice.scripts.ProductSearchPageTest@754ba872]" name="cleanUp" is-config="true" duration-ms="641" started-at="2019-01-24T18:18:47Z" finished-at="2019-01-24T18:18:47Z">
          <reporter-output>
          </reporter-output>
        </test-method> <!-- cleanUp -->
      </class> <!-- com.automationpractice.scripts.ProductSearchPageTest -->
      <class name="com.automationpractice.scripts.LandingPageTest">
        <test-method status="PASS" signature="setUp()[pri:0, instance:com.automationpractice.scripts.LandingPageTest@e25b2fe]" name="setUp" is-config="true" duration-ms="20308" started-at="2019-01-24T18:17:54Z" finished-at="2019-01-24T18:18:15Z">
          <reporter-output>
          </reporter-output>
        </test-method> <!-- setUp -->
        <test-method status="PASS" signature="isWebpageLoaded()[pri:0, instance:com.automationpractice.scripts.LandingPageTest@e25b2fe]" name="isWebpageLoaded" duration-ms="35" started-at="2019-01-24T18:18:15Z" finished-at="2019-01-24T18:18:15Z">
          <reporter-output>
          </reporter-output>
        </test-method> <!-- isWebpageLoaded -->
        <test-method status="PASS" signature="cleanUp()[pri:0, instance:com.automationpractice.scripts.LandingPageTest@e25b2fe]" name="cleanUp" is-config="true" duration-ms="617" started-at="2019-01-24T18:18:15Z" finished-at="2019-01-24T18:18:15Z">
          <reporter-output>
          </reporter-output>
        </test-method> <!-- cleanUp -->
      </class> <!-- com.automationpractice.scripts.LandingPageTest -->
      <class name="com.automationpractice.scripts.SignInPageTest">
        <test-method status="PASS" signature="setUp()[pri:0, instance:com.automationpractice.scripts.SignInPageTest@146ba0ac]" name="setUp" is-config="true" duration-ms="14384" started-at="2019-01-24T18:18:47Z" finished-at="2019-01-24T18:19:02Z">
          <reporter-output>
          </reporter-output>
        </test-method> <!-- setUp -->
        <test-method status="PASS" signature="validateLogin()[pri:0, instance:com.automationpractice.scripts.SignInPageTest@146ba0ac]" name="validateLogin" duration-ms="4822" started-at="2019-01-24T18:19:02Z" finished-at="2019-01-24T18:19:06Z">
          <reporter-output>
          </reporter-output>
        </test-method> <!-- validateLogin -->
        <test-method status="PASS" signature="cleanUp()[pri:0, instance:com.automationpractice.scripts.SignInPageTest@146ba0ac]" name="cleanUp" is-config="true" duration-ms="628" started-at="2019-01-24T18:19:06Z" finished-at="2019-01-24T18:19:07Z">
          <reporter-output>
          </reporter-output>
        </test-method> <!-- cleanUp -->
        <test-method status="PASS" signature="setUp()[pri:0, instance:com.automationpractice.scripts.SignInPageTest@146ba0ac]" name="setUp" is-config="true" duration-ms="11339" started-at="2019-01-24T18:19:07Z" finished-at="2019-01-24T18:19:18Z">
          <reporter-output>
          </reporter-output>
        </test-method> <!-- setUp -->
        <test-method status="PASS" signature="validateLoginPageIsDisplayed()[pri:0, instance:com.automationpractice.scripts.SignInPageTest@146ba0ac]" name="validateLoginPageIsDisplayed" duration-ms="2443" started-at="2019-01-24T18:19:18Z" finished-at="2019-01-24T18:19:21Z">
          <reporter-output>
          </reporter-output>
        </test-method> <!-- validateLoginPageIsDisplayed -->
        <test-method status="PASS" signature="cleanUp()[pri:0, instance:com.automationpractice.scripts.SignInPageTest@146ba0ac]" name="cleanUp" is-config="true" duration-ms="626" started-at="2019-01-24T18:19:21Z" finished-at="2019-01-24T18:19:21Z">
          <reporter-output>
          </reporter-output>
        </test-method> <!-- cleanUp -->
      </class> <!-- com.automationpractice.scripts.SignInPageTest -->
    </test> <!-- My Test Name -->
  </suite> <!-- My Automation Suite -->
</testng-results>
